2023-06-02 11:53:40,176 INFO    MainThread:10127 [wandb_setup.py:_flush():76] Current SDK version is 0.15.3
2023-06-02 11:53:40,176 INFO    MainThread:10127 [wandb_setup.py:_flush():76] Configure stats pid to 10127
2023-06-02 11:53:40,176 INFO    MainThread:10127 [wandb_setup.py:_flush():76] Loading settings from /Users/banubilmez/.config/wandb/settings
2023-06-02 11:53:40,176 INFO    MainThread:10127 [wandb_setup.py:_flush():76] Loading settings from /Users/banubilmez/Courses/MLOps/MLOps-zoomcamp-2023/homework_2/wandb/settings
2023-06-02 11:53:40,176 INFO    MainThread:10127 [wandb_setup.py:_flush():76] Loading settings from environment variables: {}
2023-06-02 11:53:40,176 INFO    MainThread:10127 [wandb_setup.py:_flush():76] Applying setup settings: {'_disable_service': False}
2023-06-02 11:53:40,176 INFO    MainThread:10127 [wandb_setup.py:_flush():76] Inferring run settings from compute environment: {'program_relpath': 'Courses/MLOps/MLOps-zoomcamp-2023/homework_2/wandb/train.py', 'program': '/Users/banubilmez/Courses/MLOps/MLOps-zoomcamp-2023/homework_2/wandb/train.py'}
2023-06-02 11:53:40,176 INFO    MainThread:10127 [wandb_init.py:_log_setup():507] Logging user logs to /Users/banubilmez/Courses/MLOps/MLOps-zoomcamp-2023/homework_2/wandb/run-20230602_115340-blpx64m7/logs/debug.log
2023-06-02 11:53:40,176 INFO    MainThread:10127 [wandb_init.py:_log_setup():508] Logging internal logs to /Users/banubilmez/Courses/MLOps/MLOps-zoomcamp-2023/homework_2/wandb/run-20230602_115340-blpx64m7/logs/debug-internal.log
2023-06-02 11:53:40,176 INFO    MainThread:10127 [wandb_init.py:init():547] calling init triggers
2023-06-02 11:53:40,176 INFO    MainThread:10127 [wandb_init.py:init():554] wandb.init called with sweep_config: {}
config: {'max_depth': 10, 'random_state': 0}
2023-06-02 11:53:40,176 INFO    MainThread:10127 [wandb_init.py:init():596] starting backend
2023-06-02 11:53:40,176 INFO    MainThread:10127 [wandb_init.py:init():600] setting up manager
2023-06-02 11:53:40,177 INFO    MainThread:10127 [backend.py:_multiprocessing_setup():106] multiprocessing start_methods=spawn,fork,forkserver, using: spawn
2023-06-02 11:53:40,179 INFO    MainThread:10127 [wandb_init.py:init():606] backend started and connected
2023-06-02 11:53:40,181 INFO    MainThread:10127 [wandb_init.py:init():700] updated telemetry
2023-06-02 11:53:40,199 INFO    MainThread:10127 [wandb_init.py:init():737] communicating run to backend with 60.0 second timeout
2023-06-02 11:53:40,628 INFO    MainThread:10127 [wandb_run.py:_on_init():2177] communicating current version
2023-06-02 11:53:40,732 INFO    MainThread:10127 [wandb_run.py:_on_init():2186] got version response 
2023-06-02 11:53:40,732 INFO    MainThread:10127 [wandb_init.py:init():787] starting run threads in backend
2023-06-02 11:53:40,777 INFO    MainThread:10127 [wandb_run.py:_console_start():2158] atexit reg
2023-06-02 11:53:40,778 INFO    MainThread:10127 [wandb_run.py:_redirect():2013] redirect: SettingsConsole.WRAP_RAW
2023-06-02 11:53:40,778 INFO    MainThread:10127 [wandb_run.py:_redirect():2078] Wrapping output streams.
2023-06-02 11:53:40,778 INFO    MainThread:10127 [wandb_run.py:_redirect():2103] Redirects installed.
2023-06-02 11:53:40,779 INFO    MainThread:10127 [wandb_init.py:init():829] run started, returning control to user process
2023-06-02 11:53:48,936 WARNING MsgRouterThr:10127 [router.py:message_loop():77] message_loop has been closed
