2023-06-02 11:53:40,181 INFO    StreamThr :10139 [internal.py:wandb_internal():86] W&B internal server running at pid: 10139, started at: 2023-06-02 11:53:40.180597
2023-06-02 11:53:40,181 DEBUG   HandlerThread:10139 [handler.py:handle_request():144] handle_request: status
2023-06-02 11:53:40,182 INFO    WriterThread:10139 [datastore.py:open_for_write():85] open: /Users/banubilmez/Courses/MLOps/MLOps-zoomcamp-2023/homework_2/wandb/run-20230602_115340-blpx64m7/run-blpx64m7.wandb
2023-06-02 11:53:40,183 DEBUG   SenderThread:10139 [sender.py:send():375] send: header
2023-06-02 11:53:40,200 DEBUG   SenderThread:10139 [sender.py:send():375] send: run
2023-06-02 11:53:40,626 INFO    SenderThread:10139 [dir_watcher.py:__init__():219] watching files in: /Users/banubilmez/Courses/MLOps/MLOps-zoomcamp-2023/homework_2/wandb/run-20230602_115340-blpx64m7/files
2023-06-02 11:53:40,626 INFO    SenderThread:10139 [sender.py:_start_run_threads():1124] run started: blpx64m7 with start time 1685699620.179816
2023-06-02 11:53:40,626 DEBUG   SenderThread:10139 [sender.py:send_request():402] send_request: summary_record
2023-06-02 11:53:40,626 INFO    SenderThread:10139 [sender.py:_save_file():1378] saving file wandb-summary.json with policy end
2023-06-02 11:53:40,628 DEBUG   HandlerThread:10139 [handler.py:handle_request():144] handle_request: check_version
2023-06-02 11:53:40,628 DEBUG   SenderThread:10139 [sender.py:send_request():402] send_request: check_version
2023-06-02 11:53:40,737 DEBUG   HandlerThread:10139 [handler.py:handle_request():144] handle_request: run_start
2023-06-02 11:53:40,745 DEBUG   HandlerThread:10139 [system_info.py:__init__():31] System info init
2023-06-02 11:53:40,745 DEBUG   HandlerThread:10139 [system_info.py:__init__():46] System info init done
2023-06-02 11:53:40,746 INFO    HandlerThread:10139 [system_monitor.py:start():181] Starting system monitor
2023-06-02 11:53:40,746 INFO    SystemMonitor:10139 [system_monitor.py:_start():145] Starting system asset monitoring threads
2023-06-02 11:53:40,746 INFO    HandlerThread:10139 [system_monitor.py:probe():201] Collecting system info
2023-06-02 11:53:40,746 INFO    SystemMonitor:10139 [interfaces.py:start():190] Started cpu monitoring
2023-06-02 11:53:40,746 DEBUG   HandlerThread:10139 [system_info.py:probe():195] Probing system
2023-06-02 11:53:40,747 INFO    SystemMonitor:10139 [interfaces.py:start():190] Started disk monitoring
2023-06-02 11:53:40,749 INFO    SystemMonitor:10139 [interfaces.py:start():190] Started gpuapple monitoring
2023-06-02 11:53:40,751 INFO    SystemMonitor:10139 [interfaces.py:start():190] Started memory monitoring
2023-06-02 11:53:40,751 INFO    SystemMonitor:10139 [interfaces.py:start():190] Started network monitoring
2023-06-02 11:53:40,752 DEBUG   HandlerThread:10139 [system_info.py:_probe_git():180] Probing git
2023-06-02 11:53:40,771 DEBUG   HandlerThread:10139 [system_info.py:_probe_git():188] Probing git done
2023-06-02 11:53:40,772 DEBUG   HandlerThread:10139 [system_info.py:probe():240] Probing system done
2023-06-02 11:53:40,772 DEBUG   HandlerThread:10139 [system_monitor.py:probe():210] {'os': 'macOS-13.3.1-arm64-arm-64bit', 'python': '3.10.4', 'heartbeatAt': '2023-06-02T09:53:40.747196', 'startedAt': '2023-06-02T09:53:40.174243', 'docker': None, 'cuda': None, 'args': (), 'state': 'running', 'program': '/Users/banubilmez/Courses/MLOps/MLOps-zoomcamp-2023/homework_2/wandb/train.py', 'codePath': 'Courses/MLOps/MLOps-zoomcamp-2023/homework_2/wandb/train.py', 'git': {'remote': 'https://github.com/bbilmez/ML-template.git', 'commit': 'c1b99fa5c51ed5314ae488af89a3ea31533114ea'}, 'email': None, 'root': '/Users/banubilmez', 'host': 'Banus-MacBook-Pro.local', 'username': 'banubilmez', 'executable': '/Users/banubilmez/.pyenv/versions/3.10.4/bin/python', 'cpu_count': 8, 'cpu_count_logical': 8, 'disk': {'total': 228.27386474609375, 'used': 157.3048324584961}, 'gpuapple': {'type': 'arm', 'vendor': 'Apple'}, 'memory': {'total': 8.0}}
2023-06-02 11:53:40,772 INFO    HandlerThread:10139 [system_monitor.py:probe():211] Finished collecting system info
2023-06-02 11:53:40,772 INFO    HandlerThread:10139 [system_monitor.py:probe():214] Publishing system info
2023-06-02 11:53:40,772 DEBUG   HandlerThread:10139 [system_info.py:_save_pip():51] Saving list of pip packages installed into the current environment
2023-06-02 11:53:40,772 DEBUG   HandlerThread:10139 [system_info.py:_save_pip():67] Saving pip packages done
2023-06-02 11:53:40,772 INFO    HandlerThread:10139 [system_monitor.py:probe():216] Finished publishing system info
2023-06-02 11:53:40,774 DEBUG   SenderThread:10139 [sender.py:send():375] send: files
2023-06-02 11:53:40,775 INFO    SenderThread:10139 [sender.py:_save_file():1378] saving file wandb-metadata.json with policy now
2023-06-02 11:53:40,778 DEBUG   HandlerThread:10139 [handler.py:handle_request():144] handle_request: stop_status
2023-06-02 11:53:40,779 DEBUG   SenderThread:10139 [sender.py:send_request():402] send_request: stop_status
2023-06-02 11:53:40,953 DEBUG   SenderThread:10139 [sender.py:send():375] send: telemetry
2023-06-02 11:53:40,953 DEBUG   SenderThread:10139 [sender.py:send():375] send: exit
2023-06-02 11:53:40,954 INFO    SenderThread:10139 [sender.py:send_exit():598] handling exit code: 1
2023-06-02 11:53:40,954 INFO    SenderThread:10139 [sender.py:send_exit():600] handling runtime: 0
2023-06-02 11:53:40,954 INFO    SenderThread:10139 [sender.py:_save_file():1378] saving file wandb-summary.json with policy end
2023-06-02 11:53:40,954 INFO    SenderThread:10139 [sender.py:send_exit():606] send defer
2023-06-02 11:53:40,954 DEBUG   HandlerThread:10139 [handler.py:handle_request():144] handle_request: defer
2023-06-02 11:53:40,954 INFO    HandlerThread:10139 [handler.py:handle_request_defer():170] handle defer: 0
2023-06-02 11:53:40,954 DEBUG   SenderThread:10139 [sender.py:send_request():402] send_request: defer
2023-06-02 11:53:40,954 INFO    SenderThread:10139 [sender.py:send_request_defer():622] handle sender defer: 0
2023-06-02 11:53:40,954 INFO    SenderThread:10139 [sender.py:transition_state():626] send defer: 1
2023-06-02 11:53:40,954 DEBUG   HandlerThread:10139 [handler.py:handle_request():144] handle_request: defer
2023-06-02 11:53:40,954 INFO    HandlerThread:10139 [handler.py:handle_request_defer():170] handle defer: 1
2023-06-02 11:53:40,955 DEBUG   SenderThread:10139 [sender.py:send_request():402] send_request: defer
2023-06-02 11:53:40,955 INFO    SenderThread:10139 [sender.py:send_request_defer():622] handle sender defer: 1
2023-06-02 11:53:40,955 INFO    SenderThread:10139 [sender.py:transition_state():626] send defer: 2
2023-06-02 11:53:40,955 DEBUG   HandlerThread:10139 [handler.py:handle_request():144] handle_request: defer
2023-06-02 11:53:40,955 INFO    HandlerThread:10139 [handler.py:handle_request_defer():170] handle defer: 2
2023-06-02 11:53:40,955 INFO    HandlerThread:10139 [system_monitor.py:finish():190] Stopping system monitor
2023-06-02 11:53:40,955 INFO    HandlerThread:10139 [interfaces.py:finish():202] Joined cpu monitor
2023-06-02 11:53:40,955 DEBUG   SystemMonitor:10139 [system_monitor.py:_start():159] Starting system metrics aggregation loop
2023-06-02 11:53:40,955 DEBUG   SystemMonitor:10139 [system_monitor.py:_start():166] Finished system metrics aggregation loop
2023-06-02 11:53:40,955 DEBUG   SystemMonitor:10139 [system_monitor.py:_start():170] Publishing last batch of metrics
2023-06-02 11:53:40,955 INFO    HandlerThread:10139 [interfaces.py:finish():202] Joined disk monitor
2023-06-02 11:53:41,279 INFO    HandlerThread:10139 [interfaces.py:finish():202] Joined gpuapple monitor
2023-06-02 11:53:41,279 INFO    HandlerThread:10139 [interfaces.py:finish():202] Joined memory monitor
2023-06-02 11:53:41,279 INFO    HandlerThread:10139 [interfaces.py:finish():202] Joined network monitor
2023-06-02 11:53:41,279 DEBUG   SenderThread:10139 [sender.py:send_request():402] send_request: defer
2023-06-02 11:53:41,279 INFO    SenderThread:10139 [sender.py:send_request_defer():622] handle sender defer: 2
2023-06-02 11:53:41,279 INFO    SenderThread:10139 [sender.py:transition_state():626] send defer: 3
2023-06-02 11:53:41,279 DEBUG   SenderThread:10139 [sender.py:send():375] send: telemetry
2023-06-02 11:53:41,279 DEBUG   SenderThread:10139 [sender.py:send():375] send: stats
2023-06-02 11:53:41,279 DEBUG   HandlerThread:10139 [handler.py:handle_request():144] handle_request: defer
2023-06-02 11:53:41,279 INFO    HandlerThread:10139 [handler.py:handle_request_defer():170] handle defer: 3
2023-06-02 11:53:41,279 DEBUG   SenderThread:10139 [sender.py:send_request():402] send_request: defer
2023-06-02 11:53:41,279 INFO    SenderThread:10139 [sender.py:send_request_defer():622] handle sender defer: 3
2023-06-02 11:53:41,279 INFO    SenderThread:10139 [sender.py:transition_state():626] send defer: 4
2023-06-02 11:53:41,279 DEBUG   HandlerThread:10139 [handler.py:handle_request():144] handle_request: defer
2023-06-02 11:53:41,279 INFO    HandlerThread:10139 [handler.py:handle_request_defer():170] handle defer: 4
2023-06-02 11:53:41,280 DEBUG   SenderThread:10139 [sender.py:send_request():402] send_request: defer
2023-06-02 11:53:41,280 INFO    SenderThread:10139 [sender.py:send_request_defer():622] handle sender defer: 4
2023-06-02 11:53:41,280 INFO    SenderThread:10139 [sender.py:transition_state():626] send defer: 5
2023-06-02 11:53:41,280 DEBUG   HandlerThread:10139 [handler.py:handle_request():144] handle_request: defer
2023-06-02 11:53:41,280 INFO    HandlerThread:10139 [handler.py:handle_request_defer():170] handle defer: 5
2023-06-02 11:53:41,280 DEBUG   SenderThread:10139 [sender.py:send():375] send: summary
2023-06-02 11:53:41,280 INFO    SenderThread:10139 [sender.py:_save_file():1378] saving file wandb-summary.json with policy end
2023-06-02 11:53:41,280 DEBUG   SenderThread:10139 [sender.py:send_request():402] send_request: defer
2023-06-02 11:53:41,280 INFO    SenderThread:10139 [sender.py:send_request_defer():622] handle sender defer: 5
2023-06-02 11:53:41,280 INFO    SenderThread:10139 [sender.py:transition_state():626] send defer: 6
2023-06-02 11:53:41,280 DEBUG   HandlerThread:10139 [handler.py:handle_request():144] handle_request: defer
2023-06-02 11:53:41,280 INFO    HandlerThread:10139 [handler.py:handle_request_defer():170] handle defer: 6
2023-06-02 11:53:41,280 DEBUG   SenderThread:10139 [sender.py:send_request():402] send_request: defer
2023-06-02 11:53:41,280 INFO    SenderThread:10139 [sender.py:send_request_defer():622] handle sender defer: 6
2023-06-02 11:53:41,282 DEBUG   HandlerThread:10139 [handler.py:handle_request():144] handle_request: status_report
2023-06-02 11:53:41,303 INFO    wandb-upload_0:10139 [upload_job.py:push():137] Uploaded file /var/folders/d9/38v73pvj0b78yjdkfpdv_l_w0000gn/T/tmphr2kl1_8wandb/arl5s1pz-wandb-metadata.json
2023-06-02 11:53:41,470 INFO    SenderThread:10139 [sender.py:transition_state():626] send defer: 7
2023-06-02 11:53:41,470 DEBUG   HandlerThread:10139 [handler.py:handle_request():144] handle_request: defer
2023-06-02 11:53:41,470 INFO    HandlerThread:10139 [handler.py:handle_request_defer():170] handle defer: 7
2023-06-02 11:53:41,470 DEBUG   SenderThread:10139 [sender.py:send_request():402] send_request: defer
2023-06-02 11:53:41,470 INFO    SenderThread:10139 [sender.py:send_request_defer():622] handle sender defer: 7
2023-06-02 11:53:41,633 INFO    Thread-12 :10139 [dir_watcher.py:_on_file_modified():295] file/dir modified: /Users/banubilmez/Courses/MLOps/MLOps-zoomcamp-2023/homework_2/wandb/run-20230602_115340-blpx64m7/files/config.yaml
2023-06-02 11:53:41,634 INFO    Thread-12 :10139 [dir_watcher.py:_on_file_created():278] file/dir created: /Users/banubilmez/Courses/MLOps/MLOps-zoomcamp-2023/homework_2/wandb/run-20230602_115340-blpx64m7/files/wandb-summary.json
2023-06-02 11:53:41,634 INFO    Thread-12 :10139 [dir_watcher.py:_on_file_created():278] file/dir created: /Users/banubilmez/Courses/MLOps/MLOps-zoomcamp-2023/homework_2/wandb/run-20230602_115340-blpx64m7/files/wandb-metadata.json
2023-06-02 11:53:41,634 INFO    Thread-12 :10139 [dir_watcher.py:_on_file_created():278] file/dir created: /Users/banubilmez/Courses/MLOps/MLOps-zoomcamp-2023/homework_2/wandb/run-20230602_115340-blpx64m7/files/requirements.txt
2023-06-02 11:53:41,634 INFO    Thread-12 :10139 [dir_watcher.py:_on_file_created():278] file/dir created: /Users/banubilmez/Courses/MLOps/MLOps-zoomcamp-2023/homework_2/wandb/run-20230602_115340-blpx64m7/files/output.log
2023-06-02 11:53:41,790 DEBUG   HandlerThread:10139 [handler.py:handle_request():144] handle_request: poll_exit
2023-06-02 11:53:42,970 INFO    SenderThread:10139 [sender.py:transition_state():626] send defer: 8
2023-06-02 11:53:42,970 DEBUG   SenderThread:10139 [sender.py:send_request():402] send_request: poll_exit
2023-06-02 11:53:42,971 DEBUG   HandlerThread:10139 [handler.py:handle_request():144] handle_request: defer
2023-06-02 11:53:42,971 INFO    HandlerThread:10139 [handler.py:handle_request_defer():170] handle defer: 8
2023-06-02 11:53:42,971 DEBUG   SenderThread:10139 [sender.py:send_request():402] send_request: defer
2023-06-02 11:53:42,971 INFO    SenderThread:10139 [sender.py:send_request_defer():622] handle sender defer: 8
2023-06-02 11:53:42,978 INFO    SenderThread:10139 [sender.py:transition_state():626] send defer: 9
2023-06-02 11:53:42,979 DEBUG   HandlerThread:10139 [handler.py:handle_request():144] handle_request: defer
2023-06-02 11:53:42,979 DEBUG   SenderThread:10139 [sender.py:send():375] send: artifact
2023-06-02 11:53:42,979 INFO    HandlerThread:10139 [handler.py:handle_request_defer():170] handle defer: 9
2023-06-02 11:53:43,639 INFO    Thread-12 :10139 [dir_watcher.py:_on_file_modified():295] file/dir modified: /Users/banubilmez/Courses/MLOps/MLOps-zoomcamp-2023/homework_2/wandb/run-20230602_115340-blpx64m7/files/output.log
2023-06-02 11:53:44,309 INFO    wandb-upload_1:10139 [upload_job.py:push():95] Uploaded file /Users/banubilmez/Library/Application Support/wandb/artifacts/staging/tmpb5kbo5uv
2023-06-02 11:53:44,311 INFO    wandb-upload_0:10139 [upload_job.py:push():95] Uploaded file /Users/banubilmez/Library/Application Support/wandb/artifacts/staging/tmpdy7et_xp
2023-06-02 11:53:45,655 INFO    SenderThread:10139 [sender.py:send_artifact():1474] sent artifact job-https___github.com_bbilmez_ML-template.git_Courses_MLOps_MLOps-zoomcamp-2023_homework_2_wandb_train.py - {'id': 'QXJ0aWZhY3Q6NDc0OTkzMjU0', 'digest': '121b6f2c9139405bdb238cb980cb1dd3', 'state': 'PENDING', 'aliases': [], 'artifactSequence': {'id': 'QXJ0aWZhY3RDb2xsZWN0aW9uOjczNjgwNDc2', 'latestArtifact': None}, 'version': 'latest'}
2023-06-02 11:53:45,655 DEBUG   SenderThread:10139 [sender.py:send_request():402] send_request: defer
2023-06-02 11:53:45,655 INFO    SenderThread:10139 [sender.py:send_request_defer():622] handle sender defer: 9
2023-06-02 11:53:45,655 INFO    SenderThread:10139 [dir_watcher.py:finish():365] shutting down directory watcher
2023-06-02 11:53:46,651 INFO    SenderThread:10139 [dir_watcher.py:finish():395] scan: /Users/banubilmez/Courses/MLOps/MLOps-zoomcamp-2023/homework_2/wandb/run-20230602_115340-blpx64m7/files
2023-06-02 11:53:46,652 INFO    SenderThread:10139 [dir_watcher.py:finish():409] scan save: /Users/banubilmez/Courses/MLOps/MLOps-zoomcamp-2023/homework_2/wandb/run-20230602_115340-blpx64m7/files/requirements.txt requirements.txt
2023-06-02 11:53:46,652 INFO    SenderThread:10139 [dir_watcher.py:finish():409] scan save: /Users/banubilmez/Courses/MLOps/MLOps-zoomcamp-2023/homework_2/wandb/run-20230602_115340-blpx64m7/files/output.log output.log
2023-06-02 11:53:46,657 INFO    SenderThread:10139 [dir_watcher.py:finish():409] scan save: /Users/banubilmez/Courses/MLOps/MLOps-zoomcamp-2023/homework_2/wandb/run-20230602_115340-blpx64m7/files/config.yaml config.yaml
2023-06-02 11:53:46,659 INFO    SenderThread:10139 [dir_watcher.py:finish():409] scan save: /Users/banubilmez/Courses/MLOps/MLOps-zoomcamp-2023/homework_2/wandb/run-20230602_115340-blpx64m7/files/wandb-summary.json wandb-summary.json
2023-06-02 11:53:46,662 INFO    SenderThread:10139 [dir_watcher.py:finish():409] scan save: /Users/banubilmez/Courses/MLOps/MLOps-zoomcamp-2023/homework_2/wandb/run-20230602_115340-blpx64m7/files/wandb-metadata.json wandb-metadata.json
2023-06-02 11:53:46,662 INFO    SenderThread:10139 [sender.py:transition_state():626] send defer: 10
2023-06-02 11:53:46,663 DEBUG   HandlerThread:10139 [handler.py:handle_request():144] handle_request: defer
2023-06-02 11:53:46,663 INFO    HandlerThread:10139 [handler.py:handle_request_defer():170] handle defer: 10
2023-06-02 11:53:46,665 DEBUG   SenderThread:10139 [sender.py:send_request():402] send_request: defer
2023-06-02 11:53:46,665 INFO    SenderThread:10139 [sender.py:send_request_defer():622] handle sender defer: 10
2023-06-02 11:53:46,665 INFO    SenderThread:10139 [file_pusher.py:finish():167] shutting down file pusher
2023-06-02 11:53:46,811 DEBUG   HandlerThread:10139 [handler.py:handle_request():144] handle_request: keepalive
2023-06-02 11:53:47,154 INFO    wandb-upload_0:10139 [upload_job.py:push():137] Uploaded file /Users/banubilmez/Courses/MLOps/MLOps-zoomcamp-2023/homework_2/wandb/run-20230602_115340-blpx64m7/files/output.log
2023-06-02 11:53:47,196 INFO    wandb-upload_3:10139 [upload_job.py:push():137] Uploaded file /Users/banubilmez/Courses/MLOps/MLOps-zoomcamp-2023/homework_2/wandb/run-20230602_115340-blpx64m7/files/wandb-summary.json
2023-06-02 11:53:47,200 INFO    wandb-upload_1:10139 [upload_job.py:push():137] Uploaded file /Users/banubilmez/Courses/MLOps/MLOps-zoomcamp-2023/homework_2/wandb/run-20230602_115340-blpx64m7/files/requirements.txt
2023-06-02 11:53:47,233 INFO    wandb-upload_2:10139 [upload_job.py:push():137] Uploaded file /Users/banubilmez/Courses/MLOps/MLOps-zoomcamp-2023/homework_2/wandb/run-20230602_115340-blpx64m7/files/config.yaml
2023-06-02 11:53:47,439 INFO    Thread-11 (_thread_body):10139 [sender.py:transition_state():626] send defer: 11
2023-06-02 11:53:47,440 DEBUG   HandlerThread:10139 [handler.py:handle_request():144] handle_request: defer
2023-06-02 11:53:47,440 INFO    HandlerThread:10139 [handler.py:handle_request_defer():170] handle defer: 11
2023-06-02 11:53:47,441 DEBUG   SenderThread:10139 [sender.py:send_request():402] send_request: defer
2023-06-02 11:53:47,441 INFO    SenderThread:10139 [sender.py:send_request_defer():622] handle sender defer: 11
2023-06-02 11:53:47,441 INFO    SenderThread:10139 [file_pusher.py:join():172] waiting for file pusher
2023-06-02 11:53:47,441 INFO    SenderThread:10139 [sender.py:transition_state():626] send defer: 12
2023-06-02 11:53:47,441 DEBUG   HandlerThread:10139 [handler.py:handle_request():144] handle_request: defer
2023-06-02 11:53:47,441 INFO    HandlerThread:10139 [handler.py:handle_request_defer():170] handle defer: 12
2023-06-02 11:53:47,441 DEBUG   SenderThread:10139 [sender.py:send_request():402] send_request: defer
2023-06-02 11:53:47,442 INFO    SenderThread:10139 [sender.py:send_request_defer():622] handle sender defer: 12
2023-06-02 11:53:47,682 INFO    SenderThread:10139 [sender.py:transition_state():626] send defer: 13
2023-06-02 11:53:47,682 DEBUG   HandlerThread:10139 [handler.py:handle_request():144] handle_request: defer
2023-06-02 11:53:47,682 INFO    HandlerThread:10139 [handler.py:handle_request_defer():170] handle defer: 13
2023-06-02 11:53:47,682 DEBUG   SenderThread:10139 [sender.py:send_request():402] send_request: defer
2023-06-02 11:53:47,683 INFO    SenderThread:10139 [sender.py:send_request_defer():622] handle sender defer: 13
2023-06-02 11:53:47,683 INFO    SenderThread:10139 [sender.py:transition_state():626] send defer: 14
2023-06-02 11:53:47,683 DEBUG   HandlerThread:10139 [handler.py:handle_request():144] handle_request: defer
2023-06-02 11:53:47,683 DEBUG   SenderThread:10139 [sender.py:send():375] send: final
2023-06-02 11:53:47,683 INFO    HandlerThread:10139 [handler.py:handle_request_defer():170] handle defer: 14
2023-06-02 11:53:47,683 DEBUG   SenderThread:10139 [sender.py:send():375] send: footer
2023-06-02 11:53:47,683 DEBUG   SenderThread:10139 [sender.py:send_request():402] send_request: defer
2023-06-02 11:53:47,683 INFO    SenderThread:10139 [sender.py:send_request_defer():622] handle sender defer: 14
2023-06-02 11:53:47,684 DEBUG   HandlerThread:10139 [handler.py:handle_request():144] handle_request: poll_exit
2023-06-02 11:53:47,684 DEBUG   HandlerThread:10139 [handler.py:handle_request():144] handle_request: server_info
2023-06-02 11:53:47,684 DEBUG   HandlerThread:10139 [handler.py:handle_request():144] handle_request: get_summary
2023-06-02 11:53:47,685 DEBUG   SenderThread:10139 [sender.py:send_request():402] send_request: poll_exit
2023-06-02 11:53:47,685 DEBUG   SenderThread:10139 [sender.py:send_request():402] send_request: server_info
2023-06-02 11:53:47,687 DEBUG   HandlerThread:10139 [handler.py:handle_request():144] handle_request: sampled_history
2023-06-02 11:53:47,820 INFO    MainThread:10139 [wandb_run.py:_footer_history_summary_info():3469] rendering history
2023-06-02 11:53:47,820 INFO    MainThread:10139 [wandb_run.py:_footer_history_summary_info():3501] rendering summary
2023-06-02 11:53:47,820 INFO    MainThread:10139 [wandb_run.py:_footer_sync_info():3428] logging synced files
2023-06-02 11:53:47,821 DEBUG   HandlerThread:10139 [handler.py:handle_request():144] handle_request: shutdown
2023-06-02 11:53:47,821 INFO    HandlerThread:10139 [handler.py:finish():842] shutting down handler
2023-06-02 11:53:48,690 INFO    WriterThread:10139 [datastore.py:close():298] close: /Users/banubilmez/Courses/MLOps/MLOps-zoomcamp-2023/homework_2/wandb/run-20230602_115340-blpx64m7/run-blpx64m7.wandb
2023-06-02 11:53:48,822 INFO    SenderThread:10139 [sender.py:finish():1550] shutting down sender
2023-06-02 11:53:48,822 INFO    SenderThread:10139 [file_pusher.py:finish():167] shutting down file pusher
2023-06-02 11:53:48,822 INFO    SenderThread:10139 [file_pusher.py:join():172] waiting for file pusher
